<?xml version="1.0" encoding="UTF-8"?>
<!-- Generated by org.testng.reporters.JUnitReportReporter -->
<testsuite hostname="WINDELL-UIPL5D2" failures="0" tests="4" name="com.class01.test" time="0.066" errors="0" timestamp="2025-09-07T15:57:12 EDT" skipped="0">
  <testcase classname="com.class01.test" name="testFour" time="0.044"/>
  <testcase classname="com.class01.test" name="testThree" time="0.009"/>
  <testcase classname="com.class01.test" name="testOne" time="0.005"/>
  <testcase classname="com.class01.test" name="testTwo" time="0.008"/>
</testsuite> <!-- com.class01.test -->
