<?xml version="1.0" encoding="UTF-8"?>
<!-- Generated by org.testng.reporters.JUnitReportReporter -->
<testsuite hostname="WINDELL-UIPL5D2" failures="0" tests="2" name="Groups.GroupsDemo" time="0.079" errors="0" timestamp="2025-09-18T16:45:12 EDT" skipped="0">
  <testcase classname="Groups.GroupsDemo" name="test4" time="0.007"/>
  <testcase classname="Groups.GroupsDemo" name="test1" time="0.072"/>
</testsuite> <!-- Groups.GroupsDemo -->
