<?xml version="1.0" encoding="UTF-8"?>
<!-- Generated by org.testng.reporters.JUnitReportReporter -->
<testsuite hostname="WINDELL-UIPL5D2" failures="0" tests="1" name="com.class01.DifferentAnnotations" time="0.019" errors="0" timestamp="2025-09-07T17:19:29 EDT" skipped="0">
  <testcase classname="com.class01.DifferentAnnotations" name="test" time="0.019"/>
</testsuite> <!-- com.class01.DifferentAnnotations -->
